<?xml version="1.0" encoding="UTF-8"?>
<!-- Generated by org.testng.reporters.JUnitReportReporter -->
<testsuite hostname="PC213382" name="testCases.Login2SF" tests="1" failures="0" timestamp="10 Jul 2017 11:01:00 GMT" time="14.106" errors="0">
  <testcase name="login" time="14.106" classname="testCases.Login2SF"/>
</testsuite> <!-- testCases.Login2SF -->
