<?xml version="1.0" encoding="UTF-8"?>
<!-- Generated by org.testng.reporters.JUnitReportReporter -->
<testsuite hostname="PC213382" name="testCases.Login2SF" tests="1" failures="0" timestamp="7 Jul 2017 15:19:40 GMT" time="21.520" errors="0">
  <testcase name="login" time="21.520" classname="testCases.Login2SF"/>
</testsuite> <!-- testCases.Login2SF -->
